2025-03-05 02:19:23,783 - MobileNet_training - INFO - System Info: {
  "platform": "macOS-15.3.1-arm64-arm-64bit",
  "python_version": "3.10.16",
  "processor": "arm",
  "tensorflow_version": "2.16.2",
  "timestamp": "2025-03-05T02:19:23.782838",
  "logger_type": "training",
  "cpu_count": 16,
  "logical_cpus": 16,
  "ram_gb": 48.0,
  "gpu_available": true,
  "metal_available": true,
  "devices": [
    "GPU 0: /physical_device:GPU:0",
    "Metal: Apple Silicon"
  ]
}
2025-03-05 02:19:23,783 - MobileNet_training - INFO - Training logger initialized. Logs will be saved to /Users/jeremy/Documents/Development/plant2/trials/MobileNet/run_20250305_021923_001/training
2025-03-05 02:19:23,783 - MobileNet_training - INFO - Configuration: {
  "project": {
    "name": "Plant Disease Detection",
    "description": "Deep learning models for detecting diseases in plants",
    "version": "1.0.0"
  },
  "seed": 42,
  "paths": {
    "data": {
      "raw": "data/raw",
      "processed": "data/processed"
    },
    "models": "model_registry",
    "logs": "trials"
  },
  "training": {
    "batch_size": 128,
    "epochs": 50,
    "learning_rate": 0.001,
    "optimizer": "adam",
    "loss": "categorical_crossentropy",
    "metrics": [
      "accuracy",
      "AUC",
      "Precision",
      "Recall"
    ],
    "early_stopping": {
      "enabled": true,
      "patience": 10,
      "monitor": "val_loss"
    },
    "validation_split": 0.2,
    "test_split": 0.1,
    "progress_bar": true,
    "class_weight": "balanced",
    "clip_norm": 1.0,
    "clip_value": null,
    "lr_scheduler": {
      "enabled": true,
      "type": "reduce_on_plateau",
      "factor": 0.5,
      "patience": 5,
      "min_lr": 0.0001
    }
  },
  "hardware": {
    "use_metal": true,
    "mixed_precision": true,
    "memory_growth": true,
    "num_parallel_calls": 16,
    "prefetch_buffer_size": 8
  },
  "logging": {
    "level": "INFO",
    "tensorboard": true,
    "separate_loggers": true
  },
  "reporting": {
    "generate_plots": true,
    "save_confusion_matrix": true,
    "save_roc_curves": true,
    "save_precision_recall": true,
    "generate_html_report": true
  },
  "data": {
    "image_size": [
      224,
      224
    ],
    "save_splits": true,
    "use_saved_splits": true,
    "splits_dir": "splits",
    "cache_parsed_images": false
  },
  "data_augmentation": {
    "enabled": true,
    "rotation_range": 20,
    "width_shift_range": 0.2,
    "height_shift_range": 0.2,
    "shear_range": 0.2,
    "zoom_range": 0.2,
    "horizontal_flip": true,
    "vertical_flip": false,
    "fill_mode": "nearest",
    "color_jitter": true,
    "gaussian_noise": true,
    "noise_stddev": 0.01,
    "random_erasing": true,
    "erasing_prob": 0.1,
    "perspective_transform": true,
    "perspective_delta": 0.1,
    "batch_augmentations": true,
    "mixup": true,
    "mixup_alpha": 0.2,
    "cutmix": true,
    "cutmix_alpha": 1.0,
    "validation_augmentation": true,
    "validation_resize_factor": 1.14
  },
  "data_validation": {
    "enabled": true,
    "min_samples_per_class": 5,
    "max_class_imbalance_ratio": 10.0,
    "min_image_dimensions": [
      32,
      32
    ],
    "check_corrupt_images": true,
    "check_duplicates": false,
    "max_workers": 16,
    "max_images_to_check": 10000
  }
}
2025-03-05 02:19:23,802 - MobileNet_training - INFO - Model summary saved to /Users/jeremy/Documents/Development/plant2/trials/MobileNet/run_20250305_021923_001/training/model_summary.txt
2025-03-05 02:19:23,802 - MobileNet_training - INFO - Model diagram saved to /Users/jeremy/Documents/Development/plant2/trials/MobileNet/run_20250305_021923_001/training/model_diagram.png
2025-03-05 02:19:23,803 - MobileNet_training - INFO - Enabling mixed precision training
2025-03-05 02:19:23,803 - MobileNet_training - INFO - Mixed precision policy set to 'mixed_float16'
2025-03-05 02:19:23,812 - MobileNet_training - INFO - Using LossScaleOptimizer wrapper for mixed precision
2025-03-05 02:19:23,812 - MobileNet_training - INFO - Using gradient norm clipping with value 1.0
2025-03-05 02:19:23,812 - MobileNet_training - WARNING - Could not apply gradient norm clipping using newer API. Using older method.
2025-03-05 02:19:23,812 - MobileNet_training - INFO - Applied clipnorm to optimizer (legacy method)
2025-03-05 02:19:23,816 - MobileNet_training - INFO - Model compiled with optimizer: adam, loss: categorical_crossentropy, metrics: ['accuracy', 'AUC', 'Precision', 'Recall']
2025-03-05 02:19:23,817 - MobileNet_training - INFO - Early stopping enabled with patience 10, monitoring val_loss
2025-03-05 02:19:23,817 - MobileNet_training - INFO - LR scheduler enabled: ReduceLROnPlateau with factor 0.5
2025-03-05 02:19:23,817 - MobileNet_training - WARNING - Dataset doesn't support get_files_by_class, estimating class distribution
2025-03-05 02:19:25,653 - MobileNet_training - INFO - Using balanced class weights: {0: 1.0731707317073171, 1: 1.1428571428571428, 2: 1.3333333333333333, 3: 1.4426229508196722, 4: 4.888888888888889, 5: 0.567741935483871, 6: 1.4426229508196722, 7: 0.6984126984126984, 8: 1.3968253968253967, 9: 0.6376811594202898, 10: 0.7457627118644068, 11: 0.9777777777777777, 12: 0.41509433962264153, 13: 2.933333333333333, 14: 0.7927927927927928, 15: 1.0}
2025-03-05 02:19:25,654 - MobileNet_training - INFO - Starting training for MobileNet with 50 epochs
2025-03-05 02:19:52,094 - MobileNet_training - INFO - Hardware - CPU: 6.6%, Memory: 53.4% (22.21 GB), GPU: ACTIVE (Memory: 0.00 MB)
2025-03-05 02:20:14,816 - MobileNet_training - INFO - Hardware - CPU: 10.6%, Memory: 53.0% (22.00 GB), GPU: ACTIVE (Memory: 0.00 MB)
2025-03-05 02:20:37,576 - MobileNet_training - INFO - Hardware - CPU: 20.1%, Memory: 53.5% (22.26 GB), GPU: ACTIVE (Memory: 0.00 MB)
